<?xml version='1.0'?>
<ns2:test-suite xmlns:ns2='urn:model.allure.qatools.yandex.ru' start='1666087930965' stop='1666087930968'>
    <name>createExam</name>
    <title>createExam</title>
    <test-cases>
        <test-case start='1666087930966' status='pending' stop='1666087930966'>
            <name>sendurl</name>
            <title>sendurl</title>
            <labels/>
            <parameters>
                <parameter kind='argument' name='browserVersion' value='106.0.5249.119'/>
            </parameters>
            <steps/>
            <attachments/>
            <failure>
                <message>Test ignored</message>
                <stack-trace>undefined</stack-trace>
            </failure>
        </test-case>
        <test-case start='1666087930967' status='pending' stop='1666087930967'>
            <name>login to the application</name>
            <title>login to the application</title>
            <labels/>
            <parameters>
                <parameter kind='argument' name='browserVersion' value='106.0.5249.119'/>
            </parameters>
            <steps/>
            <attachments/>
            <failure>
                <message>Test ignored</message>
                <stack-trace>undefined</stack-trace>
            </failure>
        </test-case>
        <test-case start='1666087930967' status='pending' stop='1666087930967'>
            <name>createclassroom</name>
            <title>createclassroom</title>
            <labels/>
            <parameters>
                <parameter kind='argument' name='browserVersion' value='106.0.5249.119'/>
            </parameters>
            <steps/>
            <attachments/>
            <failure>
                <message>Test ignored</message>
                <stack-trace>undefined</stack-trace>
            </failure>
        </test-case>
    </test-cases>
</ns2:test-suite>